<?xml version="1.0" encoding="UTF-8"?>
<!-- Generated by org.testng.reporters.JUnitXMLReporter -->
<testsuite hostname="360NDCLP086" name="Test" tests="1" failures="0" timestamp="19 Feb 2020 16:54:36 GMT" time="0.002" errors="0">
  <testcase name="@BeforeMethod setUp" time="0.0" classname="com.app.testscripts.InputForm">
    <skipped/>
  </testcase> <!-- @BeforeMethod setUp -->
  <testcase name="@AfterMethod tearDowm" time="0.0" classname="com.app.testscripts.InputForm">
    <skipped/>
  </testcase> <!-- @AfterMethod tearDowm -->
  <testcase name="TestInputForm" time="0.0" classname="com.app.testscripts.InputForm">
    <skipped/>
  </testcase> <!-- TestInputForm -->
</testsuite> <!-- Test -->
