<?xml version="1.0" encoding="UTF-8"?>
<testng-results skipped="0" failed="0" total="1" passed="1">
  <reporter-output>
  </reporter-output>
  <suite name="Default suite" duration-ms="2936" started-at="2021-09-22T10:09:21Z" finished-at="2021-09-22T10:09:24Z">
    <groups>
    </groups>
    <test name="Default test" duration-ms="2936" started-at="2021-09-22T10:09:21Z" finished-at="2021-09-22T10:09:24Z">
      <class name="com.app.RestAssurred.CreateUser">
        <test-method status="PASS" signature="createUser()[pri:0, instance:com.app.RestAssurred.CreateUser@23529fee]" name="createUser" duration-ms="2925" started-at="2021-09-22T15:39:21Z" finished-at="2021-09-22T15:39:24Z">
          <reporter-output>
          </reporter-output>
        </test-method> <!-- createUser -->
      </class> <!-- com.app.RestAssurred.CreateUser -->
    </test> <!-- Default test -->
  </suite> <!-- Default suite -->
</testng-results>
